<?xml version="1.0" encoding="UTF-8"?>
<testng-results ignored="0" total="2" passed="2" failed="0" skipped="0">
  <reporter-output>
  </reporter-output>
  <suite started-at="2022-08-09T22:36:46 IST" name="Default suite" finished-at="2022-08-09T22:36:48 IST" duration-ms="1843">
    <groups>
    </groups>
    <test started-at="2022-08-09T22:36:46 IST" name="Default test" finished-at="2022-08-09T22:36:48 IST" duration-ms="1843">
      <class name="AllureReport">
        <test-method signature="method_001()[pri:0, instance:AllureReport@6d4d66d2]" started-at="2022-08-09T22:36:46 IST" name="method_001" finished-at="2022-08-09T22:36:48 IST" duration-ms="1442" status="PASS">
          <reporter-output>
          </reporter-output>
        </test-method> <!-- method_001 -->
        <test-method signature="method_002()[pri:0, instance:AllureReport@6d4d66d2]" started-at="2022-08-09T22:36:48 IST" name="method_002" finished-at="2022-08-09T22:36:48 IST" duration-ms="324" status="PASS">
          <reporter-output>
          </reporter-output>
        </test-method> <!-- method_002 -->
      </class> <!-- AllureReport -->
    </test> <!-- Default test -->
  </suite> <!-- Default suite -->
</testng-results>
